2024-06-25 16:28:48,407 - INFO - Usuario a ha iniciado sesi贸n
2024-06-25 16:28:50,135 - INFO - Evento espec铆fico en /registro_dron
2024-06-25 16:28:55,812 - INFO - Usuario a ha iniciado sesi贸n
2024-06-25 16:29:11,616 - INFO - Usuario a ha iniciado sesi贸n
2024-06-25 16:50:21,197 - INFO - Usuario q ha iniciado sesi贸n
2024-06-25 16:50:27,772 - INFO - Evento espec铆fico en /get_final_drone_positions
2024-06-25 16:50:27,812 - INFO - Evento espec铆fico en /get_final_drone_positions
2024-06-25 16:52:22,954 - INFO - Usuario a ha iniciado sesi贸n
2024-06-25 16:59:28,236 - INFO - Usuario a ha iniciado sesi贸n
2024-06-25 17:00:52,472 - INFO - Usuario a ha iniciado sesi贸n
2024-06-25 17:00:52,544 - INFO - Evento espec铆fico en /registro_dron
2024-06-25 17:00:54,484 - INFO - Usuario a ha iniciado sesi贸n
2024-06-25 17:00:54,554 - INFO - Evento espec铆fico en /registro_dron
2024-06-25 17:00:56,239 - INFO - Usuario a ha iniciado sesi贸n
2024-06-25 17:00:56,308 - INFO - Evento espec铆fico en /registro_dron
2024-06-25 17:01:01,707 - INFO - Usuario a ha iniciado sesi贸n
2024-06-25 17:01:04,543 - INFO - Usuario a ha iniciado sesi贸n
2024-06-25 17:01:06,956 - INFO - Usuario a ha iniciado sesi贸n
2024-06-26 11:40:10,763 - INFO - Evento espec铆fico en /get_final_drone_positions
2024-06-26 11:40:10,816 - INFO - Evento espec铆fico en /get_final_drone_positions
2024-06-26 11:40:49,935 - INFO - Usuario a ha iniciado sesi贸n
2024-06-26 11:40:50,024 - INFO - Evento espec铆fico en /registro_dron
2024-06-26 11:40:53,116 - INFO - Usuario a ha iniciado sesi贸n
2024-06-26 11:40:53,241 - INFO - Evento espec铆fico en /registro_dron
2024-06-26 11:40:56,259 - INFO - Usuario a ha iniciado sesi贸n
2024-06-26 11:40:56,350 - INFO - Evento espec铆fico en /registro_dron
2024-06-26 11:41:02,778 - INFO - Usuario a ha iniciado sesi贸n
2024-06-26 11:41:06,125 - INFO - Usuario a ha iniciado sesi贸n
2024-06-26 11:41:08,678 - INFO - Usuario a ha iniciado sesi贸n
2024-06-26 11:44:30,247 - INFO - Usuario a ha iniciado sesi贸n
2024-06-26 11:44:32,599 - INFO - Evento espec铆fico en /registro_dron
2024-06-26 11:44:34,410 - INFO - Usuario a ha iniciado sesi贸n
2024-06-26 11:52:09,862 - INFO - Usuario a ha iniciado sesi贸n
2024-06-26 11:52:11,464 - INFO - Evento espec铆fico en /registro_dron
2024-06-26 11:52:13,024 - INFO - Usuario a ha iniciado sesi贸n
2024-06-26 11:56:00,984 - INFO - Usuario a ha iniciado sesi贸n
2024-06-26 11:56:02,395 - INFO - Evento espec铆fico en /registro_dron
2024-06-26 11:56:03,885 - INFO - Usuario a ha iniciado sesi贸n
2024-06-26 11:58:15,865 - INFO - Evento espec铆fico en /get_final_drone_positions
2024-06-26 11:58:15,904 - INFO - Evento espec铆fico en /get_final_drone_positions
2024-06-26 11:58:23,250 - INFO - Usuario a ha iniciado sesi贸n
2024-06-26 11:58:23,333 - INFO - Evento espec铆fico en /registro_dron
2024-06-26 11:58:25,854 - INFO - Usuario a ha iniciado sesi贸n
2024-06-26 11:58:25,939 - INFO - Evento espec铆fico en /registro_dron
2024-06-26 11:58:28,685 - INFO - Usuario a ha iniciado sesi贸n
2024-06-26 11:58:28,802 - INFO - Evento espec铆fico en /registro_dron
2024-06-26 11:58:34,341 - INFO - Usuario a ha iniciado sesi贸n
2024-06-26 11:58:36,645 - INFO - Usuario a ha iniciado sesi贸n
2024-06-26 11:58:39,180 - INFO - Usuario a ha iniciado sesi贸n
2024-06-26 12:02:59,467 - INFO - Evento espec铆fico en /get_final_drone_positions
2024-06-26 12:02:59,509 - INFO - Evento espec铆fico en /get_final_drone_positions
2024-06-26 12:03:10,941 - INFO - Usuario a ha iniciado sesi贸n
2024-06-26 12:03:11,022 - INFO - Evento espec铆fico en /registro_dron
2024-06-26 12:03:13,707 - INFO - Usuario a ha iniciado sesi贸n
2024-06-26 12:03:13,811 - INFO - Evento espec铆fico en /registro_dron
2024-06-26 12:03:16,413 - INFO - Usuario a ha iniciado sesi贸n
2024-06-26 12:03:16,534 - INFO - Evento espec铆fico en /registro_dron
2024-06-26 12:03:34,713 - INFO - Usuario a ha iniciado sesi贸n
2024-06-26 12:03:41,429 - INFO - Usuario a ha iniciado sesi贸n
2024-06-26 12:03:52,693 - INFO - Usuario a ha iniciado sesi贸n
2024-06-26 12:07:16,449 - INFO - Usuario a ha iniciado sesi贸n
2024-06-26 12:07:16,560 - INFO - Evento espec铆fico en /registro_dron
2024-06-26 12:07:19,302 - INFO - Usuario a ha iniciado sesi贸n
2024-06-26 12:07:19,417 - INFO - Evento espec铆fico en /registro_dron
2024-06-26 12:07:23,492 - INFO - Usuario a ha iniciado sesi贸n
2024-06-26 12:07:23,568 - INFO - Evento espec铆fico en /registro_dron
2024-06-26 12:07:29,459 - INFO - Usuario a ha iniciado sesi贸n
2024-06-26 12:07:32,493 - INFO - Usuario a ha iniciado sesi贸n
2024-06-26 12:07:34,900 - INFO - Usuario a ha iniciado sesi贸n
2024-06-26 12:10:37,611 - INFO - Usuario a ha iniciado sesi贸n
2024-06-26 12:10:37,701 - INFO - Evento espec铆fico en /registro_dron
2024-06-26 12:10:40,295 - INFO - Usuario a ha iniciado sesi贸n
2024-06-26 12:10:40,409 - INFO - Evento espec铆fico en /registro_dron
2024-06-26 12:10:56,646 - INFO - Usuario a ha iniciado sesi贸n
2024-06-26 12:10:56,755 - INFO - Evento espec铆fico en /registro_dron
2024-06-26 12:10:59,597 - INFO - Usuario a ha iniciado sesi贸n
2024-06-26 12:10:59,679 - INFO - Evento espec铆fico en /registro_dron
2024-06-26 12:11:02,592 - INFO - Usuario a ha iniciado sesi贸n
2024-06-26 12:11:02,673 - INFO - Evento espec铆fico en /registro_dron
2024-06-26 12:11:08,250 - INFO - Usuario a ha iniciado sesi贸n
2024-06-26 12:11:11,832 - INFO - Usuario a ha iniciado sesi贸n
2024-06-26 12:11:14,198 - INFO - Usuario a ha iniciado sesi贸n
2024-06-26 12:17:16,529 - INFO - Usuario a ha iniciado sesi贸n
2024-06-26 12:17:16,618 - INFO - Evento espec铆fico en /registro_dron
2024-06-26 12:17:19,168 - INFO - Usuario a ha iniciado sesi贸n
2024-06-26 12:17:19,289 - INFO - Evento espec铆fico en /registro_dron
2024-06-26 12:17:21,973 - INFO - Usuario a ha iniciado sesi贸n
2024-06-26 12:17:22,043 - INFO - Evento espec铆fico en /registro_dron
2024-06-26 12:17:27,584 - INFO - Usuario a ha iniciado sesi贸n
2024-06-26 12:17:30,230 - INFO - Usuario a ha iniciado sesi贸n
2024-06-26 12:17:32,745 - INFO - Usuario a ha iniciado sesi贸n
2024-06-26 12:21:52,686 - INFO - Usuario a ha iniciado sesi贸n
2024-06-26 12:21:52,755 - INFO - Evento espec铆fico en /registro_dron
2024-06-26 12:21:55,482 - INFO - Usuario a ha iniciado sesi贸n
2024-06-26 12:21:55,560 - INFO - Evento espec铆fico en /registro_dron
2024-06-26 12:21:58,348 - INFO - Usuario a ha iniciado sesi贸n
2024-06-26 12:21:58,435 - INFO - Evento espec铆fico en /registro_dron
2024-06-26 12:22:08,324 - INFO - Usuario a ha iniciado sesi贸n
2024-06-26 12:22:12,073 - INFO - Usuario a ha iniciado sesi贸n
2024-06-26 12:22:14,341 - INFO - Usuario a ha iniciado sesi贸n
2024-06-26 12:30:42,452 - INFO - Usuario a ha iniciado sesi贸n
2024-06-26 12:30:42,532 - INFO - Evento espec铆fico en /registro_dron
2024-06-26 12:30:45,252 - INFO - Usuario a ha iniciado sesi贸n
2024-06-26 12:30:45,327 - INFO - Evento espec铆fico en /registro_dron
2024-06-26 12:30:48,510 - INFO - Usuario a ha iniciado sesi贸n
2024-06-26 12:30:48,614 - INFO - Evento espec铆fico en /registro_dron
2024-06-26 12:30:54,244 - INFO - Usuario a ha iniciado sesi贸n
2024-06-26 12:30:56,678 - INFO - Usuario a ha iniciado sesi贸n
2024-06-26 12:31:00,636 - INFO - Usuario a ha iniciado sesi贸n
2024-06-26 12:34:09,021 - INFO - Usuario a ha iniciado sesi贸n
2024-06-26 12:34:09,105 - INFO - Evento espec铆fico en /registro_dron
2024-06-26 12:34:11,696 - INFO - Usuario a ha iniciado sesi贸n
2024-06-26 12:34:11,816 - INFO - Evento espec铆fico en /registro_dron
2024-06-26 12:34:14,417 - INFO - Usuario a ha iniciado sesi贸n
2024-06-26 12:34:14,538 - INFO - Evento espec铆fico en /registro_dron
2024-06-26 12:34:20,334 - INFO - Usuario a ha iniciado sesi贸n
2024-06-26 12:34:23,194 - INFO - Usuario a ha iniciado sesi贸n
2024-06-26 12:34:25,753 - INFO - Usuario a ha iniciado sesi贸n
2024-06-26 12:51:16,532 - INFO - Usuario a ha iniciado sesi贸n
2024-06-26 12:51:16,628 - INFO - Evento espec铆fico en /registro_dron
2024-06-26 12:51:18,379 - INFO - Usuario a ha iniciado sesi贸n
2024-06-26 12:51:18,485 - INFO - Evento espec铆fico en /registro_dron
2024-06-26 12:51:20,436 - INFO - Usuario a ha iniciado sesi贸n
2024-06-26 12:51:20,555 - INFO - Evento espec铆fico en /registro_dron
2024-06-26 12:51:29,684 - INFO - Usuario a ha iniciado sesi贸n
2024-06-26 12:51:32,755 - INFO - Usuario a ha iniciado sesi贸n
2024-06-26 12:51:48,430 - INFO - Usuario a ha iniciado sesi贸n
2024-06-26 12:51:58,643 - INFO - Usuario a ha iniciado sesi贸n
2024-06-27 09:02:06,437 - INFO - Evento espec铆fico en /get_final_drone_positions
2024-06-27 09:02:06,518 - INFO - Evento espec铆fico en /get_final_drone_positions
2024-06-27 09:20:44,199 - INFO - Usuario a ha iniciado sesi贸n
2024-06-27 09:20:54,144 - INFO - Usuario a ha iniciado sesi贸n
2024-06-27 09:21:01,451 - INFO - Evento espec铆fico en /registro_dron
2024-06-27 09:21:03,787 - INFO - Usuario a ha iniciado sesi贸n
2024-06-27 09:21:28,957 - INFO - Evento espec铆fico en /get_final_drone_positions
2024-06-27 09:21:29,016 - INFO - Evento espec铆fico en /get_final_drone_positions
2024-06-27 09:24:13,694 - INFO - Usuario a ha iniciado sesi贸n
2024-06-27 09:24:15,715 - INFO - Evento espec铆fico en /registro_dron
2024-06-27 09:24:17,830 - INFO - Usuario a ha iniciado sesi贸n
2024-06-27 09:26:24,110 - INFO - Evento espec铆fico en /get_final_drone_positions
2024-06-27 09:26:24,175 - INFO - Evento espec铆fico en /get_final_drone_positions
2024-06-27 09:28:40,594 - INFO - Usuario a ha iniciado sesi贸n
2024-06-27 09:28:46,299 - INFO - Evento espec铆fico en /registro_dron
2024-06-27 09:28:49,129 - INFO - Usuario a ha iniciado sesi贸n
2024-06-27 09:31:17,572 - INFO - Usuario a ha iniciado sesi贸n
2024-06-27 09:31:34,296 - INFO - Evento espec铆fico en /get_final_drone_positions
2024-06-27 09:31:34,327 - INFO - Evento espec铆fico en /get_final_drone_positions
2024-06-27 09:32:53,880 - INFO - Evento espec铆fico en /get_final_drone_positions
2024-06-27 09:32:53,918 - INFO - Evento espec铆fico en /get_final_drone_positions
2024-06-27 09:37:42,810 - INFO - Usuario a ha iniciado sesi贸n
2024-06-27 09:39:34,775 - INFO - Evento espec铆fico en /get_final_drone_positions
2024-06-27 09:39:34,806 - INFO - Evento espec铆fico en /get_final_drone_positions
2024-06-27 09:45:56,375 - INFO - Usuario a ha iniciado sesi贸n
2024-06-27 09:46:59,024 - INFO - Usuario a ha iniciado sesi贸n
2024-06-27 09:48:02,601 - INFO - Usuario a ha iniciado sesi贸n
2024-06-27 09:48:44,271 - INFO - Usuario a ha iniciado sesi贸n
2024-06-27 09:57:15,608 - INFO - Usuario a ha iniciado sesi贸n
2024-06-27 09:57:28,323 - INFO - Usuario a ha iniciado sesi贸n
2024-06-27 09:57:30,458 - INFO - Evento espec铆fico en /registro_dron
2024-06-27 09:57:34,483 - INFO - Usuario a ha iniciado sesi贸n
2024-06-27 10:11:06,085 - INFO - Evento espec铆fico en /get_final_drone_positions
2024-06-27 10:11:06,135 - INFO - Evento espec铆fico en /get_final_drone_positions
2024-06-27 10:11:15,420 - INFO - Evento espec铆fico en /get_final_drone_positions
2024-06-27 10:11:15,489 - INFO - Evento espec铆fico en /get_final_drone_positions
2024-06-27 10:11:15,939 - INFO - Evento espec铆fico en /get_final_drone_positions
2024-06-27 10:11:15,987 - INFO - Evento espec铆fico en /get_final_drone_positions
2024-06-27 10:11:16,155 - INFO - Evento espec铆fico en /get_final_drone_positions
2024-06-27 10:11:16,211 - INFO - Evento espec铆fico en /get_final_drone_positions
2024-06-27 10:11:16,308 - INFO - Evento espec铆fico en /get_final_drone_positions
2024-06-27 10:11:16,359 - INFO - Evento espec铆fico en /get_final_drone_positions
2024-06-27 10:12:38,066 - INFO - Evento espec铆fico en /get_final_drone_positions
2024-06-27 10:12:38,101 - INFO - Evento espec铆fico en /get_final_drone_positions
2024-06-27 10:19:25,689 - INFO - Usuario a ha iniciado sesi贸n
2024-06-27 10:19:28,138 - INFO - Evento espec铆fico en /registro_dron
2024-06-27 10:19:30,674 - INFO - Usuario a ha iniciado sesi贸n
2024-06-27 10:21:02,844 - INFO - Usuario a ha iniciado sesi贸n
2024-06-27 10:21:04,540 - INFO - Evento espec铆fico en /registro_dron
2024-06-27 10:21:06,184 - INFO - Usuario a ha iniciado sesi贸n
2024-06-27 10:21:27,034 - INFO - Usuario a ha iniciado sesi贸n
2024-06-27 10:30:09,447 - INFO - Evento espec铆fico en /get_final_drone_positions
2024-06-27 10:30:09,485 - INFO - Evento espec铆fico en /get_final_drone_positions
2024-06-27 11:17:00,418 - INFO - Usuario a ha iniciado sesi贸n
2024-06-27 11:17:04,209 - INFO - Evento espec铆fico en /registro_dron
2024-06-27 11:17:05,948 - INFO - Usuario a ha iniciado sesi贸n
2024-06-29 12:09:10,317 - INFO - Evento especfico en /get_final_drone_positions
2024-06-29 12:09:11,157 - INFO - Evento especfico en /get_final_drone_positions
2024-06-29 12:09:26,580 - INFO - Evento especfico en /get_final_drone_positions
2024-06-29 12:09:26,700 - INFO - Evento especfico en /get_final_drone_positions
2024-06-29 12:10:13,812 - INFO - Usuario a ha iniciado sesin
2024-06-29 12:11:08,998 - INFO - Usuario a ha iniciado sesin
2024-06-29 12:11:34,387 - INFO - Usuario a ha iniciado sesin
2024-06-30 09:39:33,363 - INFO - Evento espec铆fico en /get_final_drone_positions
2024-06-30 09:39:33,402 - INFO - Evento espec铆fico en /get_final_drone_positions
2024-06-30 09:44:50,602 - INFO - Usuario a ha iniciado sesi贸n
2024-06-30 09:45:11,629 - INFO - Usuario a ha iniciado sesi贸n
2024-06-30 09:46:42,558 - INFO - Usuario a ha iniciado sesi贸n
2024-06-30 09:46:44,572 - INFO - Evento espec铆fico en /registro_dron
2024-06-30 09:46:49,613 - INFO - Evento espec铆fico en /get_final_drone_positions
2024-06-30 09:46:49,660 - INFO - Evento espec铆fico en /get_final_drone_positions
2024-06-30 09:49:24,793 - INFO - Usuario a ha iniciado sesi贸n
2024-06-30 09:51:45,028 - INFO - Usuario a ha iniciado sesi贸n
2024-06-30 09:56:33,443 - INFO - Usuario a ha iniciado sesi贸n
2024-06-30 09:56:36,548 - INFO - Evento espec铆fico en /registro_dron
2024-06-30 09:56:38,307 - INFO - Usuario a ha iniciado sesi贸n
2024-06-30 09:58:24,148 - INFO - Usuario a ha iniciado sesi贸n
2024-06-30 09:58:34,224 - INFO - Usuario a ha iniciado sesi贸n
2024-06-30 09:58:55,986 - INFO - Usuario a ha iniciado sesi贸n
2024-06-30 09:58:58,041 - INFO - Evento espec铆fico en /registro_dron
2024-06-30 09:59:00,107 - INFO - Usuario a ha iniciado sesi贸n
2024-06-30 10:03:01,097 - INFO - Usuario a ha iniciado sesi贸n
2024-06-30 10:04:19,357 - INFO - Usuario a ha iniciado sesi贸n
2024-06-30 10:05:54,306 - INFO - Usuario a ha iniciado sesi贸n
2024-06-30 10:06:11,238 - INFO - Usuario a ha iniciado sesi贸n
2024-06-30 10:09:13,649 - INFO - Usuario a ha iniciado sesi贸n
2024-06-30 10:09:16,592 - INFO - Evento espec铆fico en /registro_dron
2024-06-30 10:09:18,611 - INFO - Usuario a ha iniciado sesi贸n
2024-06-30 10:12:16,424 - INFO - Evento espec铆fico en /get_final_drone_positions
2024-06-30 10:12:16,487 - INFO - Evento espec铆fico en /get_final_drone_positions
2024-06-30 10:15:58,905 - INFO - Usuario a ha iniciado sesi贸n
2024-06-30 10:16:07,572 - INFO - Usuario a ha iniciado sesi贸n
2024-06-30 10:16:10,454 - INFO - Evento espec铆fico en /registro_dron
2024-06-30 10:16:12,607 - INFO - Usuario a ha iniciado sesi贸n
2024-06-30 10:18:31,691 - INFO - Usuario a ha iniciado sesi贸n
2024-06-30 10:18:34,381 - INFO - Evento espec铆fico en /registro_dron
2024-06-30 10:18:36,369 - INFO - Usuario a ha iniciado sesi贸n
2024-06-30 10:18:46,644 - INFO - Usuario a ha iniciado sesi贸n
2024-06-30 10:19:00,345 - INFO - Usuario a ha iniciado sesi贸n
2024-06-30 10:19:06,831 - INFO - Usuario a ha iniciado sesi贸n
2024-06-30 10:25:06,109 - INFO - Usuario a ha iniciado sesi贸n
2024-06-30 10:27:59,220 - INFO - Usuario a ha iniciado sesi贸n
2024-06-30 10:28:16,063 - INFO - Usuario a ha iniciado sesi贸n
2024-06-30 10:28:17,890 - INFO - Evento espec铆fico en /registro_dron
2024-06-30 10:28:29,649 - INFO - Usuario a ha iniciado sesi贸n
2024-06-30 10:28:40,949 - INFO - Usuario a ha iniciado sesi贸n
2024-06-30 10:30:55,767 - INFO - Usuario a ha iniciado sesi贸n
2024-06-30 10:31:35,829 - INFO - Evento espec铆fico en /get_final_drone_positions
2024-06-30 10:31:35,862 - INFO - Evento espec铆fico en /get_final_drone_positions
2024-06-30 10:32:38,659 - INFO - Usuario a ha iniciado sesi贸n
2024-06-30 10:36:28,681 - INFO - Usuario a ha iniciado sesi贸n
2024-06-30 10:36:38,732 - INFO - Usuario a ha iniciado sesi贸n
2024-06-30 10:36:56,703 - INFO - Usuario a ha iniciado sesi贸n
2024-06-30 10:37:03,524 - INFO - Usuario a ha iniciado sesi贸n
2024-06-30 10:37:07,200 - INFO - Usuario a ha iniciado sesi贸n
2024-06-30 10:38:51,137 - INFO - Usuario a ha iniciado sesi贸n
2024-06-30 10:39:13,785 - INFO - Evento espec铆fico en /get_final_drone_positions
2024-06-30 10:39:13,825 - INFO - Evento espec铆fico en /get_final_drone_positions
2024-06-30 10:44:14,711 - INFO - Evento espec铆fico en /get_final_drone_positions
2024-06-30 10:44:14,739 - INFO - Evento espec铆fico en /get_final_drone_positions
2024-06-30 10:44:49,136 - INFO - Usuario a ha iniciado sesi贸n
2024-06-30 10:44:55,032 - INFO - Evento espec铆fico en /get_final_drone_positions
2024-06-30 10:44:55,066 - INFO - Evento espec铆fico en /get_final_drone_positions
2024-06-30 10:47:47,194 - INFO - Usuario a ha iniciado sesi贸n
2024-06-30 10:49:07,979 - INFO - Evento espec铆fico en /get_final_drone_positions
2024-06-30 10:49:08,024 - INFO - Evento espec铆fico en /get_final_drone_positions
2024-06-30 10:51:42,618 - INFO - Usuario a ha iniciado sesi贸n
2024-06-30 10:52:53,462 - INFO - Usuario a ha iniciado sesi贸n
2024-06-30 10:54:15,480 - INFO - Usuario a ha iniciado sesi贸n
2024-06-30 10:56:28,304 - INFO - Usuario a ha iniciado sesi贸n
2024-06-30 10:56:40,076 - INFO - Usuario a ha iniciado sesi贸n
2024-06-30 10:56:46,411 - INFO - Usuario a ha iniciado sesi贸n
2024-06-30 10:57:10,358 - INFO - Usuario a ha iniciado sesi贸n
2024-06-30 10:57:19,498 - INFO - Usuario a ha iniciado sesi贸n
2024-06-30 11:04:15,718 - INFO - Evento espec铆fico en /get_final_drone_positions
2024-06-30 11:04:15,756 - INFO - Evento espec铆fico en /get_final_drone_positions
2024-06-30 11:04:31,564 - INFO - Evento espec铆fico en /weather/<city>
2024-06-30 11:05:03,209 - INFO - Usuario a ha iniciado sesi贸n
2024-06-30 11:07:01,820 - INFO - Evento espec铆fico en /get_final_drone_positions
2024-06-30 11:07:01,865 - INFO - Evento espec铆fico en /get_final_drone_positions
2024-06-30 11:12:34,225 - INFO - Usuario a ha iniciado sesi贸n
2024-06-30 11:14:32,089 - INFO - Usuario a ha iniciado sesi贸n
2024-06-30 11:17:18,476 - INFO - Usuario a ha iniciado sesi贸n
2024-06-30 11:17:58,221 - INFO - Usuario a ha iniciado sesi贸n
2024-06-30 11:18:23,156 - INFO - Usuario a ha iniciado sesi贸n
2024-06-30 11:18:41,167 - INFO - Usuario a ha iniciado sesi贸n
2024-06-30 17:09:18,456 - INFO - Evento espec铆fico en /get_final_drone_positions
2024-06-30 17:09:18,496 - INFO - Evento espec铆fico en /get_final_drone_positions
2024-06-30 17:16:49,736 - INFO - Usuario a ha iniciado sesi贸n
2024-06-30 17:16:53,619 - INFO - Usuario a ha iniciado sesi贸n
2024-06-30 17:27:30,829 - INFO - Usuario a ha iniciado sesi贸n
2024-06-30 17:27:34,893 - INFO - Usuario a ha iniciado sesi贸n
2024-06-30 17:32:04,878 - INFO - Usuario a ha iniciado sesi贸n
2024-06-30 17:32:08,796 - INFO - Usuario a ha iniciado sesi贸n
2024-06-30 17:34:49,977 - INFO - Usuario a ha iniciado sesi贸n
2024-06-30 17:34:53,856 - INFO - Usuario a ha iniciado sesi贸n
2024-06-30 17:35:04,339 - INFO - Usuario a ha iniciado sesi贸n
2024-06-30 17:35:08,066 - INFO - Usuario a ha iniciado sesi贸n
